#
# There is insufficient memory for the Java Runtime Environment to continue.
# Native memory allocation (mmap) failed to map 65536 bytes for Failed to commit metaspace.
# Possible reasons:
#   The system is out of physical RAM or swap space
#   The process is running with CompressedOops enabled, and the Java Heap may be blocking the growth of the native heap
# Possible solutions:
#   Reduce memory load on the system
#   Increase physical memory or swap space
#   Check if swap backing store is full
#   Decrease Java heap size (-Xmx/-Xms)
#   Decrease number of Java threads
#   Decrease Java thread stack sizes (-Xss)
#   Set larger code cache with -XX:ReservedCodeCacheSize=
#   JVM is running with Zero Based Compressed Oops mode in which the Java heap is
#     placed in the first 32GB address space. The Java Heap base address is the
#     maximum limit for the native heap growth. Please use -XX:HeapBaseMinAddress
#     to set the Java Heap base and to place the Java Heap above 32GB virtual address.
# This output file may be truncated or incomplete.
#
#  Out of Memory Error (virtualSpaceNode.cpp:110), pid=22916, tid=29036
#
# JRE version: Java(TM) SE Runtime Environment (17.0.3.1+2) (build 17.0.3.1+2-LTS-6)
# Java VM: Java HotSpot(TM) 64-Bit Server VM (17.0.3.1+2-LTS-6, mixed mode, emulated-client, sharing, tiered, compressed oops, compressed class ptrs, g1 gc, windows-amd64)
# No core dump will be written. Minidumps are not enabled by default on client versions of Windows
#

---------------  S U M M A R Y ------------

Command Line: -agentlib:jdwp=transport=dt_socket,address=127.0.0.1:58508,suspend=y,server=n -XX:TieredStopAtLevel=1 -Dspring.output.ansi.enabled=always -Dcom.sun.management.jmxremote -Dspring.jmx.enabled=true -Dspring.liveBeansView.mbeanDomain -Dspring.application.admin.enabled=true -Dmanagement.endpoints.jmx.exposure.include=* -javaagent:C:\Users\Admin\AppData\Local\JetBrains\IntelliJIdea2023.3\captureAgent\debugger-agent.jar -Dfile.encoding=UTF-8 com.example.djpointdemo.DjPointDemoApplication

Host: 12th Gen Intel(R) Core(TM) i5-12400, 12 cores, 15G,  Windows 11 , 64 bit Build 22621 (10.0.22621.5415)
Time: Wed Aug 13 14:58:20 2025  Windows 11 , 64 bit Build 22621 (10.0.22621.5415) elapsed time: 0.595645 seconds (0d 0h 0m 0s)

---------------  T H R E A D  ---------------

Current thread (0x0000021b41491ec0):  JavaThread "main" [_thread_in_vm, id=29036, stack(0x0000004f73f00000,0x0000004f74000000)]

Stack: [0x0000004f73f00000,0x0000004f74000000]
Native frames: (J=compiled Java code, j=interpreted, Vv=VM code, C=native code)
V  [jvm.dll+0x6711ba]
V  [jvm.dll+0x7d0834]
V  [jvm.dll+0x7d1fde]
V  [jvm.dll+0x7d2643]
V  [jvm.dll+0x242c85]
V  [jvm.dll+0x7cc7db]
V  [jvm.dll+0x616f96]
V  [jvm.dll+0x1be52e]
V  [jvm.dll+0x6198d1]
V  [jvm.dll+0x617936]
V  [jvm.dll+0x238660]
V  [jvm.dll+0x1e893d]
V  [jvm.dll+0x1de381]
V  [jvm.dll+0x537ee0]
V  [jvm.dll+0x74b478]
V  [jvm.dll+0x74b564]
V  [jvm.dll+0x408fa5]
V  [jvm.dll+0x40eff8]
C  [java.dll+0x17ec]

Java frames: (J=compiled Java code, j=interpreted, Vv=VM code)
J 1122  java.lang.ClassLoader.defineClass1(Ljava/lang/ClassLoader;Ljava/lang/String;[BIILjava/security/ProtectionDomain;Ljava/lang/String;)Ljava/lang/Class; java.base@17.0.3.1 (0 bytes) @ 0x0000021b490ddb63 [0x0000021b490ddaa0+0x00000000000000c3]
J 1220 c1 java.lang.ClassLoader.defineClass(Ljava/lang/String;[BIILjava/security/ProtectionDomain;)Ljava/lang/Class; java.base@17.0.3.1 (43 bytes) @ 0x0000021b49105ba4 [0x0000021b49105a60+0x0000000000000144]
J 1137 c1 jdk.internal.loader.BuiltinClassLoader.defineClass(Ljava/lang/String;Ljdk/internal/loader/Resource;)Ljava/lang/Class; java.base@17.0.3.1 (121 bytes) @ 0x0000021b490e7f2c [0x0000021b490e7a20+0x000000000000050c]
J 1132 c1 jdk.internal.loader.BuiltinClassLoader.findClassOnClassPathOrNull(Ljava/lang/String;)Ljava/lang/Class; java.base@17.0.3.1 (64 bytes) @ 0x0000021b490e551c [0x0000021b490e5220+0x00000000000002fc]
J 894 c1 jdk.internal.loader.BuiltinClassLoader.loadClassOrNull(Ljava/lang/String;Z)Ljava/lang/Class; java.base@17.0.3.1 (143 bytes) @ 0x0000021b490723dc [0x0000021b49071f00+0x00000000000004dc]
J 1014 c1 jdk.internal.loader.ClassLoaders$AppClassLoader.loadClass(Ljava/lang/String;Z)Ljava/lang/Class; java.base@17.0.3.1 (40 bytes) @ 0x0000021b490a63bc [0x0000021b490a6280+0x000000000000013c]
J 1013 c1 java.lang.ClassLoader.loadClass(Ljava/lang/String;)Ljava/lang/Class; java.base@17.0.3.1 (7 bytes) @ 0x0000021b490a56fc [0x0000021b490a56a0+0x000000000000005c]
v  ~StubRoutines::call_stub
j  org.springframework.context.support.GenericApplicationContext.<init>()V+21
j  org.springframework.web.context.support.GenericWebApplicationContext.<init>()V+1
j  org.springframework.boot.web.servlet.context.ServletWebServerApplicationContext.<init>()V+1
j  org.springframework.boot.web.servlet.context.AnnotationConfigServletWebServerApplicationContext.<init>()V+1
j  org.springframework.boot.web.servlet.context.ServletWebServerApplicationContextFactory.createContext()Lorg/springframework/context/ConfigurableApplicationContext;+10
j  org.springframework.boot.web.servlet.context.ServletWebServerApplicationContextFactory.create(Lorg/springframework/boot/WebApplicationType;)Lorg/springframework/context/ConfigurableApplicationContext;+12
j  org.springframework.boot.DefaultApplicationContextFactory$$Lambda$275+0x0000000800d7ced8.apply(Ljava/lang/Object;Ljava/lang/Object;)Ljava/lang/Object;+8
j  org.springframework.boot.DefaultApplicationContextFactory.getFromSpringFactories(Lorg/springframework/boot/WebApplicationType;Ljava/util/function/BiFunction;Ljava/util/function/Supplier;)Ljava/lang/Object;+45
j  org.springframework.boot.DefaultApplicationContextFactory.create(Lorg/springframework/boot/WebApplicationType;)Lorg/springframework/context/ConfigurableApplicationContext;+13
j  org.springframework.boot.SpringApplication.createApplicationContext()Lorg/springframework/context/ConfigurableApplicationContext;+8
j  org.springframework.boot.SpringApplication.run([Ljava/lang/String;)Lorg/springframework/context/ConfigurableApplicationContext;+76
j  org.springframework.boot.SpringApplication.run([Ljava/lang/Class;[Ljava/lang/String;)Lorg/springframework/context/ConfigurableApplicationContext;+9
j  org.springframework.boot.SpringApplication.run(Ljava/lang/Class;[Ljava/lang/String;)Lorg/springframework/context/ConfigurableApplicationContext;+9
j  com.example.djpointdemo.DjPointDemoApplication.main([Ljava/lang/String;)V+3
v  ~StubRoutines::call_stub

---------------  P R O C E S S  ---------------

Threads class SMR info:
_java_thread_list=0x0000021b5968f2c0, length=18, elements={
0x0000021b41491ec0, 0x0000021b58186560, 0x0000021b581883e0, 0x0000021b58c06af0,
0x0000021b58c07960, 0x0000021b58c0b330, 0x0000021b58c0bce0, 0x0000021b58c0cd50,
0x0000021b58c0e660, 0x0000021b58174d30, 0x0000021b58d21f40, 0x0000021b58d225c0,
0x0000021b58d64eb0, 0x0000021b58d80a80, 0x0000021b58d83280, 0x0000021b58dceb80,
0x0000021b59208820, 0x0000021b596c1440
}

Java Threads: ( => current thread )
=>0x0000021b41491ec0 JavaThread "main" [_thread_in_vm, id=29036, stack(0x0000004f73f00000,0x0000004f74000000)]
  0x0000021b58186560 JavaThread "Reference Handler" daemon [_thread_blocked, id=23452, stack(0x0000004f74600000,0x0000004f74700000)]
  0x0000021b581883e0 JavaThread "Finalizer" daemon [_thread_blocked, id=29568, stack(0x0000004f74700000,0x0000004f74800000)]
  0x0000021b58c06af0 JavaThread "Signal Dispatcher" daemon [_thread_blocked, id=29324, stack(0x0000004f74800000,0x0000004f74900000)]
  0x0000021b58c07960 JavaThread "Attach Listener" daemon [_thread_blocked, id=21152, stack(0x0000004f74900000,0x0000004f74a00000)]
  0x0000021b58c0b330 JavaThread "Service Thread" daemon [_thread_blocked, id=25216, stack(0x0000004f74a00000,0x0000004f74b00000)]
  0x0000021b58c0bce0 JavaThread "Monitor Deflation Thread" daemon [_thread_blocked, id=27668, stack(0x0000004f74b00000,0x0000004f74c00000)]
  0x0000021b58c0cd50 JavaThread "C1 CompilerThread0" daemon [_thread_blocked, id=25644, stack(0x0000004f74c00000,0x0000004f74d00000)]
  0x0000021b58c0e660 JavaThread "Sweeper thread" daemon [_thread_blocked, id=6324, stack(0x0000004f74d00000,0x0000004f74e00000)]
  0x0000021b58174d30 JavaThread "Common-Cleaner" daemon [_thread_blocked, id=26020, stack(0x0000004f74e00000,0x0000004f74f00000)]
  0x0000021b58d21f40 JavaThread "C1 CompilerThread1" daemon [_thread_blocked, id=26772, stack(0x0000004f74f00000,0x0000004f75000000)]
  0x0000021b58d225c0 JavaThread "C1 CompilerThread2" daemon [_thread_blocked, id=22044, stack(0x0000004f75000000,0x0000004f75100000)]
  0x0000021b58d64eb0 JavaThread "JDWP Transport Listener: dt_socket" daemon [_thread_blocked, id=22328, stack(0x0000004f75100000,0x0000004f75200000)]
  0x0000021b58d80a80 JavaThread "JDWP Event Helper Thread" daemon [_thread_blocked, id=26196, stack(0x0000004f75200000,0x0000004f75300000)]
  0x0000021b58d83280 JavaThread "JDWP Command Reader" daemon [_thread_in_native, id=27608, stack(0x0000004f75300000,0x0000004f75400000)]
  0x0000021b58dceb80 JavaThread "Notification Thread" daemon [_thread_blocked, id=26316, stack(0x0000004f75400000,0x0000004f75500000)]
  0x0000021b59208820 JavaThread "RMI TCP Accept-0" daemon [_thread_in_native, id=23632, stack(0x0000004f75500000,0x0000004f75600000)]
  0x0000021b596c1440 JavaThread "background-preinit" [_thread_in_vm, id=21876, stack(0x0000004f76000000,0x0000004f76100000)]

Other Threads:
  0x0000021b58182970 VMThread "VM Thread" [stack: 0x0000004f74500000,0x0000004f74600000] [id=9604]
  0x0000021b415332b0 WatcherThread [stack: 0x0000004f75600000,0x0000004f75700000] [id=21688]
  0x0000021b41500a90 GCTaskThread "GC Thread#0" [stack: 0x0000004f74000000,0x0000004f74100000] [id=29268]
  0x0000021b59259e80 GCTaskThread "GC Thread#1" [stack: 0x0000004f75700000,0x0000004f75800000] [id=13004]
  0x0000021b594b7a50 GCTaskThread "GC Thread#2" [stack: 0x0000004f75800000,0x0000004f75900000] [id=8128]
  0x0000021b594b7d00 GCTaskThread "GC Thread#3" [stack: 0x0000004f75900000,0x0000004f75a00000] [id=1572]
  0x0000021b594b1a30 GCTaskThread "GC Thread#4" [stack: 0x0000004f75a00000,0x0000004f75b00000] [id=10424]
  0x0000021b594b1ce0 GCTaskThread "GC Thread#5" [stack: 0x0000004f75b00000,0x0000004f75c00000] [id=7644]
  0x0000021b59526d20 GCTaskThread "GC Thread#6" [stack: 0x0000004f75c00000,0x0000004f75d00000] [id=9852]
  0x0000021b59528fe0 GCTaskThread "GC Thread#7" [stack: 0x0000004f75d00000,0x0000004f75e00000] [id=21076]
  0x0000021b59529290 GCTaskThread "GC Thread#8" [stack: 0x0000004f75e00000,0x0000004f75f00000] [id=25684]
  0x0000021b59529540 GCTaskThread "GC Thread#9" [stack: 0x0000004f75f00000,0x0000004f76000000] [id=2404]
  0x0000021b4150e4f0 ConcurrentGCThread "G1 Main Marker" [stack: 0x0000004f74100000,0x0000004f74200000] [id=22304]
  0x0000021b3f2be570 ConcurrentGCThread "G1 Conc#0" [stack: 0x0000004f74200000,0x0000004f74300000] [id=26860]
  0x0000021b4154e820 ConcurrentGCThread "G1 Refine#0" [stack: 0x0000004f74300000,0x0000004f74400000] [id=11576]
  0x0000021b580404a0 ConcurrentGCThread "G1 Service" [stack: 0x0000004f74400000,0x0000004f74500000] [id=23776]

Threads with active compile tasks:

VM state: not at safepoint (normal execution)

VM Mutex/Monitor currently owned by a thread:  ([mutex/lock_event])
[0x0000021b4148d090] Metaspace_lock - owner thread: 0x0000021b41491ec0

Heap address: 0x0000000706800000, size: 3992 MB, Compressed Oops mode: Zero based, Oop shift amount: 3

CDS archive(s) mapped at: [0x0000000800000000-0x0000000800bc0000-0x0000000800bc0000), size 12320768, SharedBaseAddress: 0x0000000800000000, ArchiveRelocationMode: 0.
Compressed class space mapped at: 0x0000000800c00000-0x0000000840c00000, reserved size: 1073741824
Narrow klass base: 0x0000000800000000, Narrow klass shift: 0, Narrow klass range: 0x100000000

GC Precious Log:
 CPUs: 12 total, 12 available
 Memory: 15962M
 Large Page Support: Disabled
 NUMA Support: Disabled
 Compressed Oops: Enabled (Zero based)
 Heap Region Size: 2M
 Heap Min Capacity: 8M
 Heap Initial Capacity: 250M
 Heap Max Capacity: 3992M
 Pre-touch: Disabled
 Parallel Workers: 10
 Concurrent Workers: 3
 Concurrent Refinement Workers: 10
 Periodic GC: Disabled

Heap:
 garbage-first heap   total 256000K, used 27497K [0x0000000706800000, 0x0000000800000000)
  region size 2048K, 14 young (28672K), 2 survivors (4096K)
 Metaspace       used 10574K, committed 10816K, reserved 1064960K
  class space    used 1448K, committed 1600K, reserved 1048576K

Heap Regions: E=young(eden), S=young(survivor), O=old, HS=humongous(starts), HC=humongous(continues), CS=collection set, F=free, OA=open archive, CA=closed archive, TAMS=top-at-mark-start (previous, next)
|   0|0x0000000706800000, 0x00000007068da600, 0x0000000706a00000| 42%| O|  |TAMS 0x0000000706800000, 0x0000000706800000| Untracked 
|   1|0x0000000706a00000, 0x0000000706a00000, 0x0000000706c00000|  0%| F|  |TAMS 0x0000000706a00000, 0x0000000706a00000| Untracked 
|   2|0x0000000706c00000, 0x0000000706c00000, 0x0000000706e00000|  0%| F|  |TAMS 0x0000000706c00000, 0x0000000706c00000| Untracked 
|   3|0x0000000706e00000, 0x0000000706e00000, 0x0000000707000000|  0%| F|  |TAMS 0x0000000706e00000, 0x0000000706e00000| Untracked 
|   4|0x0000000707000000, 0x0000000707000000, 0x0000000707200000|  0%| F|  |TAMS 0x0000000707000000, 0x0000000707000000| Untracked 
|   5|0x0000000707200000, 0x0000000707200000, 0x0000000707400000|  0%| F|  |TAMS 0x0000000707200000, 0x0000000707200000| Untracked 
|   6|0x0000000707400000, 0x0000000707400000, 0x0000000707600000|  0%| F|  |TAMS 0x0000000707400000, 0x0000000707400000| Untracked 
|   7|0x0000000707600000, 0x0000000707600000, 0x0000000707800000|  0%| F|  |TAMS 0x0000000707600000, 0x0000000707600000| Untracked 
|   8|0x0000000707800000, 0x0000000707800000, 0x0000000707a00000|  0%| F|  |TAMS 0x0000000707800000, 0x0000000707800000| Untracked 
|   9|0x0000000707a00000, 0x0000000707a00000, 0x0000000707c00000|  0%| F|  |TAMS 0x0000000707a00000, 0x0000000707a00000| Untracked 
|  10|0x0000000707c00000, 0x0000000707c00000, 0x0000000707e00000|  0%| F|  |TAMS 0x0000000707c00000, 0x0000000707c00000| Untracked 
|  11|0x0000000707e00000, 0x0000000707e00000, 0x0000000708000000|  0%| F|  |TAMS 0x0000000707e00000, 0x0000000707e00000| Untracked 
|  12|0x0000000708000000, 0x0000000708000000, 0x0000000708200000|  0%| F|  |TAMS 0x0000000708000000, 0x0000000708000000| Untracked 
|  13|0x0000000708200000, 0x0000000708200000, 0x0000000708400000|  0%| F|  |TAMS 0x0000000708200000, 0x0000000708200000| Untracked 
|  14|0x0000000708400000, 0x0000000708400000, 0x0000000708600000|  0%| F|  |TAMS 0x0000000708400000, 0x0000000708400000| Untracked 
|  15|0x0000000708600000, 0x0000000708600000, 0x0000000708800000|  0%| F|  |TAMS 0x0000000708600000, 0x0000000708600000| Untracked 
|  16|0x0000000708800000, 0x0000000708800000, 0x0000000708a00000|  0%| F|  |TAMS 0x0000000708800000, 0x0000000708800000| Untracked 
|  17|0x0000000708a00000, 0x0000000708a00000, 0x0000000708c00000|  0%| F|  |TAMS 0x0000000708a00000, 0x0000000708a00000| Untracked 
|  18|0x0000000708c00000, 0x0000000708c00000, 0x0000000708e00000|  0%| F|  |TAMS 0x0000000708c00000, 0x0000000708c00000| Untracked 
|  19|0x0000000708e00000, 0x0000000708e00000, 0x0000000709000000|  0%| F|  |TAMS 0x0000000708e00000, 0x0000000708e00000| Untracked 
|  20|0x0000000709000000, 0x0000000709000000, 0x0000000709200000|  0%| F|  |TAMS 0x0000000709000000, 0x0000000709000000| Untracked 
|  21|0x0000000709200000, 0x0000000709200000, 0x0000000709400000|  0%| F|  |TAMS 0x0000000709200000, 0x0000000709200000| Untracked 
|  22|0x0000000709400000, 0x0000000709400000, 0x0000000709600000|  0%| F|  |TAMS 0x0000000709400000, 0x0000000709400000| Untracked 
|  23|0x0000000709600000, 0x0000000709600000, 0x0000000709800000|  0%| F|  |TAMS 0x0000000709600000, 0x0000000709600000| Untracked 
|  24|0x0000000709800000, 0x0000000709800000, 0x0000000709a00000|  0%| F|  |TAMS 0x0000000709800000, 0x0000000709800000| Untracked 
|  25|0x0000000709a00000, 0x0000000709a00000, 0x0000000709c00000|  0%| F|  |TAMS 0x0000000709a00000, 0x0000000709a00000| Untracked 
|  26|0x0000000709c00000, 0x0000000709c00000, 0x0000000709e00000|  0%| F|  |TAMS 0x0000000709c00000, 0x0000000709c00000| Untracked 
|  27|0x0000000709e00000, 0x0000000709e00000, 0x000000070a000000|  0%| F|  |TAMS 0x0000000709e00000, 0x0000000709e00000| Untracked 
|  28|0x000000070a000000, 0x000000070a000000, 0x000000070a200000|  0%| F|  |TAMS 0x000000070a000000, 0x000000070a000000| Untracked 
|  29|0x000000070a200000, 0x000000070a200000, 0x000000070a400000|  0%| F|  |TAMS 0x000000070a200000, 0x000000070a200000| Untracked 
|  30|0x000000070a400000, 0x000000070a400000, 0x000000070a600000|  0%| F|  |TAMS 0x000000070a400000, 0x000000070a400000| Untracked 
|  31|0x000000070a600000, 0x000000070a600000, 0x000000070a800000|  0%| F|  |TAMS 0x000000070a600000, 0x000000070a600000| Untracked 
|  32|0x000000070a800000, 0x000000070a800000, 0x000000070aa00000|  0%| F|  |TAMS 0x000000070a800000, 0x000000070a800000| Untracked 
|  33|0x000000070aa00000, 0x000000070aa00000, 0x000000070ac00000|  0%| F|  |TAMS 0x000000070aa00000, 0x000000070aa00000| Untracked 
|  34|0x000000070ac00000, 0x000000070ac00000, 0x000000070ae00000|  0%| F|  |TAMS 0x000000070ac00000, 0x000000070ac00000| Untracked 
|  35|0x000000070ae00000, 0x000000070ae00000, 0x000000070b000000|  0%| F|  |TAMS 0x000000070ae00000, 0x000000070ae00000| Untracked 
|  36|0x000000070b000000, 0x000000070b000000, 0x000000070b200000|  0%| F|  |TAMS 0x000000070b000000, 0x000000070b000000| Untracked 
|  37|0x000000070b200000, 0x000000070b200000, 0x000000070b400000|  0%| F|  |TAMS 0x000000070b200000, 0x000000070b200000| Untracked 
|  38|0x000000070b400000, 0x000000070b400000, 0x000000070b600000|  0%| F|  |TAMS 0x000000070b400000, 0x000000070b400000| Untracked 
|  39|0x000000070b600000, 0x000000070b600000, 0x000000070b800000|  0%| F|  |TAMS 0x000000070b600000, 0x000000070b600000| Untracked 
|  40|0x000000070b800000, 0x000000070b800000, 0x000000070ba00000|  0%| F|  |TAMS 0x000000070b800000, 0x000000070b800000| Untracked 
|  41|0x000000070ba00000, 0x000000070ba00000, 0x000000070bc00000|  0%| F|  |TAMS 0x000000070ba00000, 0x000000070ba00000| Untracked 
|  42|0x000000070bc00000, 0x000000070bc00000, 0x000000070be00000|  0%| F|  |TAMS 0x000000070bc00000, 0x000000070bc00000| Untracked 
|  43|0x000000070be00000, 0x000000070be00000, 0x000000070c000000|  0%| F|  |TAMS 0x000000070be00000, 0x000000070be00000| Untracked 
|  44|0x000000070c000000, 0x000000070c000000, 0x000000070c200000|  0%| F|  |TAMS 0x000000070c000000, 0x000000070c000000| Untracked 
|  45|0x000000070c200000, 0x000000070c200000, 0x000000070c400000|  0%| F|  |TAMS 0x000000070c200000, 0x000000070c200000| Untracked 
|  46|0x000000070c400000, 0x000000070c400000, 0x000000070c600000|  0%| F|  |TAMS 0x000000070c400000, 0x000000070c400000| Untracked 
|  47|0x000000070c600000, 0x000000070c600000, 0x000000070c800000|  0%| F|  |TAMS 0x000000070c600000, 0x000000070c600000| Untracked 
|  48|0x000000070c800000, 0x000000070c800000, 0x000000070ca00000|  0%| F|  |TAMS 0x000000070c800000, 0x000000070c800000| Untracked 
|  49|0x000000070ca00000, 0x000000070ca00000, 0x000000070cc00000|  0%| F|  |TAMS 0x000000070ca00000, 0x000000070ca00000| Untracked 
|  50|0x000000070cc00000, 0x000000070cc00000, 0x000000070ce00000|  0%| F|  |TAMS 0x000000070cc00000, 0x000000070cc00000| Untracked 
|  51|0x000000070ce00000, 0x000000070ce00000, 0x000000070d000000|  0%| F|  |TAMS 0x000000070ce00000, 0x000000070ce00000| Untracked 
|  52|0x000000070d000000, 0x000000070d000000, 0x000000070d200000|  0%| F|  |TAMS 0x000000070d000000, 0x000000070d000000| Untracked 
|  53|0x000000070d200000, 0x000000070d200000, 0x000000070d400000|  0%| F|  |TAMS 0x000000070d200000, 0x000000070d200000| Untracked 
|  54|0x000000070d400000, 0x000000070d400000, 0x000000070d600000|  0%| F|  |TAMS 0x000000070d400000, 0x000000070d400000| Untracked 
|  55|0x000000070d600000, 0x000000070d600000, 0x000000070d800000|  0%| F|  |TAMS 0x000000070d600000, 0x000000070d600000| Untracked 
|  56|0x000000070d800000, 0x000000070d800000, 0x000000070da00000|  0%| F|  |TAMS 0x000000070d800000, 0x000000070d800000| Untracked 
|  57|0x000000070da00000, 0x000000070da00000, 0x000000070dc00000|  0%| F|  |TAMS 0x000000070da00000, 0x000000070da00000| Untracked 
|  58|0x000000070dc00000, 0x000000070dc00000, 0x000000070de00000|  0%| F|  |TAMS 0x000000070dc00000, 0x000000070dc00000| Untracked 
|  59|0x000000070de00000, 0x000000070de00000, 0x000000070e000000|  0%| F|  |TAMS 0x000000070de00000, 0x000000070de00000| Untracked 
|  60|0x000000070e000000, 0x000000070e000000, 0x000000070e200000|  0%| F|  |TAMS 0x000000070e000000, 0x000000070e000000| Untracked 
|  61|0x000000070e200000, 0x000000070e200000, 0x000000070e400000|  0%| F|  |TAMS 0x000000070e200000, 0x000000070e200000| Untracked 
|  62|0x000000070e400000, 0x000000070e400000, 0x000000070e600000|  0%| F|  |TAMS 0x000000070e400000, 0x000000070e400000| Untracked 
|  63|0x000000070e600000, 0x000000070e600000, 0x000000070e800000|  0%| F|  |TAMS 0x000000070e600000, 0x000000070e600000| Untracked 
|  64|0x000000070e800000, 0x000000070e800000, 0x000000070ea00000|  0%| F|  |TAMS 0x000000070e800000, 0x000000070e800000| Untracked 
|  65|0x000000070ea00000, 0x000000070ea00000, 0x000000070ec00000|  0%| F|  |TAMS 0x000000070ea00000, 0x000000070ea00000| Untracked 
|  66|0x000000070ec00000, 0x000000070ec00000, 0x000000070ee00000|  0%| F|  |TAMS 0x000000070ec00000, 0x000000070ec00000| Untracked 
|  67|0x000000070ee00000, 0x000000070ee00000, 0x000000070f000000|  0%| F|  |TAMS 0x000000070ee00000, 0x000000070ee00000| Untracked 
|  68|0x000000070f000000, 0x000000070f000000, 0x000000070f200000|  0%| F|  |TAMS 0x000000070f000000, 0x000000070f000000| Untracked 
|  69|0x000000070f200000, 0x000000070f200000, 0x000000070f400000|  0%| F|  |TAMS 0x000000070f200000, 0x000000070f200000| Untracked 
|  70|0x000000070f400000, 0x000000070f400000, 0x000000070f600000|  0%| F|  |TAMS 0x000000070f400000, 0x000000070f400000| Untracked 
|  71|0x000000070f600000, 0x000000070f600000, 0x000000070f800000|  0%| F|  |TAMS 0x000000070f600000, 0x000000070f600000| Untracked 
|  72|0x000000070f800000, 0x000000070f800000, 0x000000070fa00000|  0%| F|  |TAMS 0x000000070f800000, 0x000000070f800000| Untracked 
|  73|0x000000070fa00000, 0x000000070fa00000, 0x000000070fc00000|  0%| F|  |TAMS 0x000000070fa00000, 0x000000070fa00000| Untracked 
|  74|0x000000070fc00000, 0x000000070fc00000, 0x000000070fe00000|  0%| F|  |TAMS 0x000000070fc00000, 0x000000070fc00000| Untracked 
|  75|0x000000070fe00000, 0x000000070fe00000, 0x0000000710000000|  0%| F|  |TAMS 0x000000070fe00000, 0x000000070fe00000| Untracked 
|  76|0x0000000710000000, 0x0000000710000000, 0x0000000710200000|  0%| F|  |TAMS 0x0000000710000000, 0x0000000710000000| Untracked 
|  77|0x0000000710200000, 0x0000000710200000, 0x0000000710400000|  0%| F|  |TAMS 0x0000000710200000, 0x0000000710200000| Untracked 
|  78|0x0000000710400000, 0x0000000710400000, 0x0000000710600000|  0%| F|  |TAMS 0x0000000710400000, 0x0000000710400000| Untracked 
|  79|0x0000000710600000, 0x0000000710600000, 0x0000000710800000|  0%| F|  |TAMS 0x0000000710600000, 0x0000000710600000| Untracked 
|  80|0x0000000710800000, 0x0000000710800000, 0x0000000710a00000|  0%| F|  |TAMS 0x0000000710800000, 0x0000000710800000| Untracked 
|  81|0x0000000710a00000, 0x0000000710a00000, 0x0000000710c00000|  0%| F|  |TAMS 0x0000000710a00000, 0x0000000710a00000| Untracked 
|  82|0x0000000710c00000, 0x0000000710c00000, 0x0000000710e00000|  0%| F|  |TAMS 0x0000000710c00000, 0x0000000710c00000| Untracked 
|  83|0x0000000710e00000, 0x0000000710e00000, 0x0000000711000000|  0%| F|  |TAMS 0x0000000710e00000, 0x0000000710e00000| Untracked 
|  84|0x0000000711000000, 0x0000000711000000, 0x0000000711200000|  0%| F|  |TAMS 0x0000000711000000, 0x0000000711000000| Untracked 
|  85|0x0000000711200000, 0x0000000711200000, 0x0000000711400000|  0%| F|  |TAMS 0x0000000711200000, 0x0000000711200000| Untracked 
|  86|0x0000000711400000, 0x0000000711400000, 0x0000000711600000|  0%| F|  |TAMS 0x0000000711400000, 0x0000000711400000| Untracked 
|  87|0x0000000711600000, 0x0000000711600000, 0x0000000711800000|  0%| F|  |TAMS 0x0000000711600000, 0x0000000711600000| Untracked 
|  88|0x0000000711800000, 0x0000000711800000, 0x0000000711a00000|  0%| F|  |TAMS 0x0000000711800000, 0x0000000711800000| Untracked 
|  89|0x0000000711a00000, 0x0000000711a00000, 0x0000000711c00000|  0%| F|  |TAMS 0x0000000711a00000, 0x0000000711a00000| Untracked 
|  90|0x0000000711c00000, 0x0000000711c00000, 0x0000000711e00000|  0%| F|  |TAMS 0x0000000711c00000, 0x0000000711c00000| Untracked 
|  91|0x0000000711e00000, 0x0000000711e00000, 0x0000000712000000|  0%| F|  |TAMS 0x0000000711e00000, 0x0000000711e00000| Untracked 
|  92|0x0000000712000000, 0x0000000712000000, 0x0000000712200000|  0%| F|  |TAMS 0x0000000712000000, 0x0000000712000000| Untracked 
|  93|0x0000000712200000, 0x0000000712200000, 0x0000000712400000|  0%| F|  |TAMS 0x0000000712200000, 0x0000000712200000| Untracked 
|  94|0x0000000712400000, 0x0000000712400000, 0x0000000712600000|  0%| F|  |TAMS 0x0000000712400000, 0x0000000712400000| Untracked 
|  95|0x0000000712600000, 0x0000000712600000, 0x0000000712800000|  0%| F|  |TAMS 0x0000000712600000, 0x0000000712600000| Untracked 
|  96|0x0000000712800000, 0x0000000712800000, 0x0000000712a00000|  0%| F|  |TAMS 0x0000000712800000, 0x0000000712800000| Untracked 
|  97|0x0000000712a00000, 0x0000000712a00000, 0x0000000712c00000|  0%| F|  |TAMS 0x0000000712a00000, 0x0000000712a00000| Untracked 
|  98|0x0000000712c00000, 0x0000000712c00000, 0x0000000712e00000|  0%| F|  |TAMS 0x0000000712c00000, 0x0000000712c00000| Untracked 
|  99|0x0000000712e00000, 0x0000000712e00000, 0x0000000713000000|  0%| F|  |TAMS 0x0000000712e00000, 0x0000000712e00000| Untracked 
| 100|0x0000000713000000, 0x0000000713000000, 0x0000000713200000|  0%| F|  |TAMS 0x0000000713000000, 0x0000000713000000| Untracked 
| 101|0x0000000713200000, 0x0000000713200000, 0x0000000713400000|  0%| F|  |TAMS 0x0000000713200000, 0x0000000713200000| Untracked 
| 102|0x0000000713400000, 0x0000000713400000, 0x0000000713600000|  0%| F|  |TAMS 0x0000000713400000, 0x0000000713400000| Untracked 
| 103|0x0000000713600000, 0x0000000713600000, 0x0000000713800000|  0%| F|  |TAMS 0x0000000713600000, 0x0000000713600000| Untracked 
| 104|0x0000000713800000, 0x0000000713800000, 0x0000000713a00000|  0%| F|  |TAMS 0x0000000713800000, 0x0000000713800000| Untracked 
| 105|0x0000000713a00000, 0x0000000713a00000, 0x0000000713c00000|  0%| F|  |TAMS 0x0000000713a00000, 0x0000000713a00000| Untracked 
| 106|0x0000000713c00000, 0x0000000713c00000, 0x0000000713e00000|  0%| F|  |TAMS 0x0000000713c00000, 0x0000000713c00000| Untracked 
| 107|0x0000000713e00000, 0x0000000713e00000, 0x0000000714000000|  0%| F|  |TAMS 0x0000000713e00000, 0x0000000713e00000| Untracked 
| 108|0x0000000714000000, 0x0000000714000000, 0x0000000714200000|  0%| F|  |TAMS 0x0000000714000000, 0x0000000714000000| Untracked 
| 109|0x0000000714200000, 0x0000000714200000, 0x0000000714400000|  0%| F|  |TAMS 0x0000000714200000, 0x0000000714200000| Untracked 
| 110|0x0000000714400000, 0x0000000714400000, 0x0000000714600000|  0%| F|  |TAMS 0x0000000714400000, 0x0000000714400000| Untracked 
| 111|0x0000000714600000, 0x00000007147a4058, 0x0000000714800000| 82%| E|  |TAMS 0x0000000714600000, 0x0000000714600000| Complete 
| 112|0x0000000714800000, 0x0000000714a00000, 0x0000000714a00000|100%| S|CS|TAMS 0x0000000714800000, 0x0000000714800000| Complete 
| 113|0x0000000714a00000, 0x0000000714c00000, 0x0000000714c00000|100%| S|CS|TAMS 0x0000000714a00000, 0x0000000714a00000| Complete 
| 114|0x0000000714c00000, 0x0000000714e00000, 0x0000000714e00000|100%| E|CS|TAMS 0x0000000714c00000, 0x0000000714c00000| Complete 
| 115|0x0000000714e00000, 0x0000000715000000, 0x0000000715000000|100%| E|CS|TAMS 0x0000000714e00000, 0x0000000714e00000| Complete 
| 116|0x0000000715000000, 0x0000000715200000, 0x0000000715200000|100%| E|CS|TAMS 0x0000000715000000, 0x0000000715000000| Complete 
| 117|0x0000000715200000, 0x0000000715400000, 0x0000000715400000|100%| E|CS|TAMS 0x0000000715200000, 0x0000000715200000| Complete 
| 118|0x0000000715400000, 0x0000000715600000, 0x0000000715600000|100%| E|CS|TAMS 0x0000000715400000, 0x0000000715400000| Complete 
| 119|0x0000000715600000, 0x0000000715800000, 0x0000000715800000|100%| E|CS|TAMS 0x0000000715600000, 0x0000000715600000| Complete 
| 120|0x0000000715800000, 0x0000000715a00000, 0x0000000715a00000|100%| E|CS|TAMS 0x0000000715800000, 0x0000000715800000| Complete 
| 121|0x0000000715a00000, 0x0000000715c00000, 0x0000000715c00000|100%| E|CS|TAMS 0x0000000715a00000, 0x0000000715a00000| Complete 
| 122|0x0000000715c00000, 0x0000000715e00000, 0x0000000715e00000|100%| E|CS|TAMS 0x0000000715c00000, 0x0000000715c00000| Complete 
| 123|0x0000000715e00000, 0x0000000716000000, 0x0000000716000000|100%| E|CS|TAMS 0x0000000715e00000, 0x0000000715e00000| Complete 
| 124|0x0000000716000000, 0x0000000716200000, 0x0000000716200000|100%| E|CS|TAMS 0x0000000716000000, 0x0000000716000000| Complete 

Card table byte_map: [0x0000021b4c7f0000,0x0000021b4cfc0000] _byte_map_base: 0x0000021b48fbc000

Marking Bits (Prev, Next): (CMBitMap*) 0x0000021b415020b0, (CMBitMap*) 0x0000021b415020f0
 Prev Bits: [0x0000021b4d790000, 0x0000021b515f0000)
 Next Bits: [0x0000021b515f0000, 0x0000021b55450000)

Polling page: 0x0000021b3f400000

Metaspace:

Usage:
  Non-class:      8.91 MB used.
      Class:      1.41 MB used.
       Both:     10.33 MB used.

Virtual space:
  Non-class space:       16.00 MB reserved,       9.00 MB ( 56%) committed,  2 nodes.
      Class space:        1.00 GB reserved,       1.56 MB ( <1%) committed,  1 nodes.
             Both:        1.02 GB reserved,      10.56 MB (  1%) committed. 

Chunk freelists:
   Non-Class:  2.73 MB
       Class:  2.47 MB
        Both:  5.21 MB

MaxMetaspaceSize: unlimited
CompressedClassSpaceSize: 1.00 GB
Initial GC threshold: 21.00 MB
Current GC threshold: 21.00 MB
CDS: on
MetaspaceReclaimPolicy: balanced
 - commit_granule_bytes: 65536.
 - commit_granule_words: 8192.
 - virtual_space_node_default_size: 1048576.
 - enlarge_chunks_in_place: 1.
 - new_chunks_are_fully_committed: 0.
 - uncommit_free_chunks: 1.
 - use_allocation_guard: 0.
 - handle_deallocations: 1.


Internal statistics:

num_allocs_failed_limit: 0.
num_arena_births: 210.
num_arena_deaths: 0.
num_vsnodes_births: 3.
num_vsnodes_deaths: 0.
num_space_committed: 169.
num_space_uncommitted: 0.
num_chunks_returned_to_freelist: 0.
num_chunks_taken_from_freelist: 476.
num_chunk_merges: 0.
num_chunk_splits: 306.
num_chunks_enlarged: 222.
num_purges: 0.
num_inconsistent_stats: 0.

CodeCache: size=49152Kb used=5113Kb max_used=5113Kb free=44038Kb
 bounds [0x0000021b48cf0000, 0x0000021b491f0000, 0x0000021b4bcf0000]
 total_blobs=2227 nmethods=1767 adapters=385
 compilation: enabled
              stopped_count=0, restarted_count=0
 full_count=0

Compilation events (20 events):
Event: 0.584 Thread 0x0000021b58d21f40 1758       1       org.springframework.core.ResolvableType::toClass (7 bytes)
Event: 0.584 Thread 0x0000021b58d21f40 nmethod 1758 0x0000021b491e9f90 code [0x0000021b491ea120, 0x0000021b491ea1f8]
Event: 0.584 Thread 0x0000021b58d21f40 1762       1       java.util.Collections$EmptySet::iterator (4 bytes)
Event: 0.584 Thread 0x0000021b58d21f40 nmethod 1762 0x0000021b491ea290 code [0x0000021b491ea420, 0x0000021b491ea4f8]
Event: 0.584 Thread 0x0000021b58d21f40 1760       1       java.lang.Class::getGenericInterfaces (21 bytes)
Event: 0.584 Thread 0x0000021b58d225c0 nmethod 1759 0x0000021b491ea590 code [0x0000021b491ea760, 0x0000021b491ead08]
Event: 0.584 Thread 0x0000021b58d225c0 1761       1       sun.reflect.generics.repository.ClassRepository::getSuperInterfaces (27 bytes)
Event: 0.584 Thread 0x0000021b58d21f40 nmethod 1760 0x0000021b491eaf90 code [0x0000021b491eb160, 0x0000021b491eb3b8]
Event: 0.584 Thread 0x0000021b58d21f40 1763       1       jdk.internal.org.objectweb.asm.MethodVisitor::visitInsn (16 bytes)
Event: 0.584 Thread 0x0000021b58c0cd50 nmethod 1753 0x0000021b491eb510 code [0x0000021b491eb7c0, 0x0000021b491ec358]
Event: 0.584 Thread 0x0000021b58d225c0 nmethod 1761 0x0000021b491eca90 code [0x0000021b491ecc40, 0x0000021b491ece38]
Event: 0.585 Thread 0x0000021b58d21f40 nmethod 1763 0x0000021b491ecf10 code [0x0000021b491ed0a0, 0x0000021b491ed1a8]
Event: 0.588 Thread 0x0000021b58c0cd50 1764       1       java.util.BitSet::wordIndex (5 bytes)
Event: 0.588 Thread 0x0000021b58d21f40 1765       1       java.util.BitSet::checkInvariants (111 bytes)
Event: 0.588 Thread 0x0000021b58c0cd50 nmethod 1764 0x0000021b491ed210 code [0x0000021b491ed3a0, 0x0000021b491ed458]
Event: 0.588 Thread 0x0000021b58d21f40 nmethod 1765 0x0000021b491ed510 code [0x0000021b491ed6a0, 0x0000021b491ed758]
Event: 0.589 Thread 0x0000021b58d21f40 1766       1       java.util.BitSet::get (69 bytes)
Event: 0.589 Thread 0x0000021b58d225c0 1767       1       java.util.Collections::emptyMap (4 bytes)
Event: 0.589 Thread 0x0000021b58d225c0 nmethod 1767 0x0000021b491edb10 code [0x0000021b491edca0, 0x0000021b491edd58]
Event: 0.589 Thread 0x0000021b58d21f40 nmethod 1766 0x0000021b491ede10 code [0x0000021b491ee020, 0x0000021b491ee4e8]

GC Heap History (2 events):
Event: 0.364 GC heap before
{Heap before GC invocations=0 (full 0):
 garbage-first heap   total 256000K, used 22528K [0x0000000706800000, 0x0000000800000000)
  region size 2048K, 11 young (22528K), 0 survivors (0K)
 Metaspace       used 6202K, committed 6400K, reserved 1056768K
  class space    used 757K, committed 832K, reserved 1048576K
}
Event: 0.367 GC heap after
{Heap after GC invocations=1 (full 0):
 garbage-first heap   total 256000K, used 4969K [0x0000000706800000, 0x0000000800000000)
  region size 2048K, 2 young (4096K), 2 survivors (4096K)
 Metaspace       used 6202K, committed 6400K, reserved 1056768K
  class space    used 757K, committed 832K, reserved 1048576K
}

Deoptimization events (20 events):
Event: 0.594 Thread 0x0000021b596c1440 DEOPT PACKING pc=0x0000021b4907bf5c sp=0x0000004f760fe860
Event: 0.594 Thread 0x0000021b596c1440 DEOPT UNPACKING pc=0x0000021b48d42b43 sp=0x0000004f760fdd50 mode 1
Event: 0.594 Thread 0x0000021b596c1440 DEOPT PACKING pc=0x0000021b490a6464 sp=0x0000004f760fddb0
Event: 0.594 Thread 0x0000021b596c1440 DEOPT UNPACKING pc=0x0000021b48d42b43 sp=0x0000004f760fd248 mode 1
Event: 0.594 Thread 0x0000021b596c1440 DEOPT PACKING pc=0x0000021b490a56fc sp=0x0000004f760fde80
Event: 0.594 Thread 0x0000021b596c1440 DEOPT UNPACKING pc=0x0000021b48d42b43 sp=0x0000004f760fd338 mode 1
Event: 0.594 Thread 0x0000021b596c1440 DEOPT PACKING pc=0x0000021b4907bf5c sp=0x0000004f760fe860
Event: 0.594 Thread 0x0000021b596c1440 DEOPT UNPACKING pc=0x0000021b48d42b43 sp=0x0000004f760fdd50 mode 1
Event: 0.594 Thread 0x0000021b596c1440 DEOPT PACKING pc=0x0000021b490a6464 sp=0x0000004f760fddb0
Event: 0.594 Thread 0x0000021b596c1440 DEOPT UNPACKING pc=0x0000021b48d42b43 sp=0x0000004f760fd248 mode 1
Event: 0.594 Thread 0x0000021b596c1440 DEOPT PACKING pc=0x0000021b490a56fc sp=0x0000004f760fde80
Event: 0.594 Thread 0x0000021b596c1440 DEOPT UNPACKING pc=0x0000021b48d42b43 sp=0x0000004f760fd338 mode 1
Event: 0.594 Thread 0x0000021b596c1440 DEOPT PACKING pc=0x0000021b4907bf5c sp=0x0000004f760fe860
Event: 0.594 Thread 0x0000021b596c1440 DEOPT UNPACKING pc=0x0000021b48d42b43 sp=0x0000004f760fdd50 mode 1
Event: 0.594 Thread 0x0000021b596c1440 DEOPT PACKING pc=0x0000021b490a6464 sp=0x0000004f760fddb0
Event: 0.594 Thread 0x0000021b596c1440 DEOPT UNPACKING pc=0x0000021b48d42b43 sp=0x0000004f760fd248 mode 1
Event: 0.594 Thread 0x0000021b596c1440 DEOPT PACKING pc=0x0000021b490a56fc sp=0x0000004f760fde80
Event: 0.594 Thread 0x0000021b596c1440 DEOPT UNPACKING pc=0x0000021b48d42b43 sp=0x0000004f760fd338 mode 1
Event: 0.594 Thread 0x0000021b596c1440 DEOPT PACKING pc=0x0000021b4907bf5c sp=0x0000004f760fe860
Event: 0.594 Thread 0x0000021b596c1440 DEOPT UNPACKING pc=0x0000021b48d42b43 sp=0x0000004f760fdd50 mode 1

Classes unloaded (0 events):
No events

Classes redefined (0 events):
No events

Internal exceptions (20 events):
Event: 0.499 Thread 0x0000021b41491ec0 Exception <a 'java/lang/NoSuchMethodError'{0x000000071558b400}: 'java.lang.Object java.lang.invoke.DirectMethodHandle$Holder.newInvokeSpecial(java.lang.Object, java.lang.Object, java.lang.Object, java.lang.Object, java.lang.Object, java.lang.Object, int)'> (0x000000071558b400) 
thrown [t:\workspace\open\src\hotspot\share\interpreter\linkResolver.cpp, line 766]
Event: 0.499 Thread 0x0000021b41491ec0 Exception <a 'java/lang/NoSuchMethodError'{0x0000000715590440}: 'java.lang.Object java.lang.invoke.DirectMethodHandle$Holder.invokeSpecial(java.lang.Object, java.lang.Object, java.lang.Object, java.lang.Object, java.lang.Object, java.lang.Object, java.lang.Object, int)'> (0x0000000715590440) 
thrown [t:\workspace\open\src\hotspot\share\interpreter\linkResolver.cpp, line 766]
Event: 0.516 Thread 0x0000021b41491ec0 Exception <a 'java/lang/NoSuchMethodError'{0x0000000715309320}: 'void java.lang.invoke.DirectMethodHandle$Holder.invokeSpecial(java.lang.Object, java.lang.Object, java.lang.Object, java.lang.Object, java.lang.Object)'> (0x0000000715309320) 
thrown [t:\workspace\open\src\hotspot\share\interpreter\linkResolver.cpp, line 766]
Event: 0.529 Thread 0x0000021b41491ec0 Exception <a 'java/lang/NoSuchMethodError'{0x0000000715009408}: 'java.lang.Object java.lang.invoke.DirectMethodHandle$Holder.invokeSpecial(java.lang.Object, java.lang.Object, java.lang.Object, int, java.lang.Object)'> (0x0000000715009408) 
thrown [t:\workspace\open\src\hotspot\share\interpreter\linkResolver.cpp, line 766]
Event: 0.529 Thread 0x0000021b41491ec0 Exception <a 'java/lang/NoSuchMethodError'{0x0000000715011a68}: 'java.lang.Object java.lang.invoke.DirectMethodHandle$Holder.newInvokeSpecial(java.lang.Object, java.lang.Object, java.lang.Object, int, java.lang.Object)'> (0x0000000715011a68) 
thrown [t:\workspace\open\src\hotspot\share\interpreter\linkResolver.cpp, line 766]
Event: 0.530 Thread 0x0000021b41491ec0 Exception <a 'java/lang/NoSuchMethodError'{0x0000000715019438}: 'java.lang.Object java.lang.invoke.Invokers$Holder.linkToTargetMethod(java.lang.Object, java.lang.Object, int, java.lang.Object, java.lang.Object)'> (0x0000000715019438) 
thrown [t:\workspace\open\src\hotspot\share\interpreter\linkResolver.cpp, line 766]
Event: 0.530 Thread 0x0000021b41491ec0 Exception <a 'java/lang/NoSuchMethodError'{0x0000000715028c70}: 'java.lang.Object java.lang.invoke.DirectMethodHandle$Holder.newInvokeSpecial(java.lang.Object, int, java.lang.Object)'> (0x0000000715028c70) 
thrown [t:\workspace\open\src\hotspot\share\interpreter\linkResolver.cpp, line 766]
Event: 0.531 Thread 0x0000021b41491ec0 Exception <a 'java/lang/NoSuchMethodError'{0x000000071502d6b0}: 'int java.lang.invoke.DirectMethodHandle$Holder.invokeSpecialIFC(java.lang.Object, java.lang.Object, java.lang.Object, java.lang.Object)'> (0x000000071502d6b0) 
thrown [t:\workspace\open\src\hotspot\share\interpreter\linkResolver.cpp, line 766]
Event: 0.539 Thread 0x0000021b41491ec0 Exception <a 'java/lang/NoSuchMethodError'{0x0000000715115550}: 'void java.lang.invoke.DirectMethodHandle$Holder.invokeInterface(java.lang.Object, java.lang.Object, java.lang.Object)'> (0x0000000715115550) 
thrown [t:\workspace\open\src\hotspot\share\interpreter\linkResolver.cpp, line 766]
Event: 0.546 Thread 0x0000021b41491ec0 Exception <a 'java/lang/NoSuchMethodError'{0x000000071519e940}: 'java.lang.Object java.lang.invoke.DirectMethodHandle$Holder.invokeVirtual(java.lang.Object, java.lang.Object, java.lang.Object)'> (0x000000071519e940) 
thrown [t:\workspace\open\src\hotspot\share\interpreter\linkResolver.cpp, line 766]
Event: 0.556 Thread 0x0000021b41491ec0 Exception <a 'java/lang/NoSuchMethodError'{0x0000000714eafa58}: 'void java.lang.invoke.DirectMethodHandle$Holder.invokeStatic(java.lang.Object, java.lang.Object, int)'> (0x0000000714eafa58) 
thrown [t:\workspace\open\src\hotspot\share\interpreter\linkResolver.cpp, line 766]
Event: 0.558 Thread 0x0000021b41491ec0 Exception <a 'java/lang/NoSuchMethodError'{0x0000000714ec8f08}: 'void java.lang.invoke.DirectMethodHandle$Holder.invokeStaticInit(java.lang.Object, java.lang.Object, java.lang.Object)'> (0x0000000714ec8f08) 
thrown [t:\workspace\open\src\hotspot\share\interpreter\linkResolver.cpp, line 766]
Event: 0.561 Thread 0x0000021b41491ec0 Exception <a 'java/lang/NoSuchMethodError'{0x0000000714ef57f0}: 'java.lang.Object java.lang.invoke.DirectMethodHandle$Holder.invokeStatic(java.lang.Object, java.lang.Object, long, java.lang.Object)'> (0x0000000714ef57f0) 
thrown [t:\workspace\open\src\hotspot\share\interpreter\linkResolver.cpp, line 766]
Event: 0.561 Thread 0x0000021b41491ec0 Exception <a 'java/lang/NoSuchMethodError'{0x0000000714ef9288}: 'java.lang.Object java.lang.invoke.DirectMethodHandle$Holder.invokeStaticInit(java.lang.Object, java.lang.Object, long, java.lang.Object)'> (0x0000000714ef9288) 
thrown [t:\workspace\open\src\hotspot\share\interpreter\linkResolver.cpp, line 766]
Event: 0.561 Thread 0x0000021b41491ec0 Exception <a 'java/lang/NoSuchMethodError'{0x0000000714eff808}: 'java.lang.Object java.lang.invoke.DirectMethodHandle$Holder.newInvokeSpecial(java.lang.Object, java.lang.Object, long)'> (0x0000000714eff808) 
thrown [t:\workspace\open\src\hotspot\share\interpreter\linkResolver.cpp, line 766]
Event: 0.561 Thread 0x0000021b41491ec0 Exception <a 'java/lang/NoSuchMethodError'{0x0000000714f03378}: 'java.lang.Object java.lang.invoke.Invokers$Holder.linkToTargetMethod(java.lang.Object, long, java.lang.Object)'> (0x0000000714f03378) 
thrown [t:\workspace\open\src\hotspot\share\interpreter\linkResolver.cpp, line 766]
Event: 0.566 Thread 0x0000021b41491ec0 Exception <a 'java/lang/NoSuchMethodError'{0x0000000714f67680}: 'void java.lang.invoke.DirectMethodHandle$Holder.invokeVirtual(java.lang.Object, java.lang.Object, java.lang.Object, java.lang.Object)'> (0x0000000714f67680) 
thrown [t:\workspace\open\src\hotspot\share\interpreter\linkResolver.cpp, line 766]
Event: 0.581 Thread 0x0000021b41491ec0 Exception <a 'java/lang/NoSuchMethodError'{0x0000000714d02b08}: 'void java.lang.invoke.DirectMethodHandle$Holder.invokeSpecial(java.lang.Object, java.lang.Object, java.lang.Object)'> (0x0000000714d02b08) 
thrown [t:\workspace\open\src\hotspot\share\interpreter\linkResolver.cpp, line 766]
Event: 0.584 Thread 0x0000021b596c1440 Exception <a 'java/lang/NoClassDefFoundError'{0x0000000714dad390}: jakarta/validation/Validation> (0x0000000714dad390) 
thrown [t:\workspace\open\src\hotspot\share\classfile\systemDictionary.cpp, line 245]
Event: 0.584 Thread 0x0000021b41491ec0 Exception <a 'java/lang/IncompatibleClassChangeError'{0x0000000714d35c30}: Found class java.lang.Object, but interface was expected> (0x0000000714d35c30) 
thrown [t:\workspace\open\src\hotspot\share\interpreter\linkResolver.cpp, line 833]

VM Operations (20 events):
Event: 0.121 Executing VM operation: HandshakeAllThreads
Event: 0.121 Executing VM operation: HandshakeAllThreads done
Event: 0.196 Executing VM operation: HandshakeAllThreads
Event: 0.196 Executing VM operation: HandshakeAllThreads done
Event: 0.199 Executing VM operation: HandshakeAllThreads
Event: 0.199 Executing VM operation: HandshakeAllThreads done
Event: 0.293 Executing VM operation: HandshakeAllThreads
Event: 0.293 Executing VM operation: HandshakeAllThreads done
Event: 0.364 Executing VM operation: G1CollectForAllocation
Event: 0.367 Executing VM operation: G1CollectForAllocation done
Event: 0.424 Executing VM operation: HandshakeAllThreads
Event: 0.424 Executing VM operation: HandshakeAllThreads done
Event: 0.520 Executing VM operation: HandshakeAllThreads
Event: 0.520 Executing VM operation: HandshakeAllThreads done
Event: 0.567 Executing VM operation: ICBufferFull
Event: 0.567 Executing VM operation: ICBufferFull done
Event: 0.578 Executing VM operation: HandshakeAllThreads
Event: 0.578 Executing VM operation: HandshakeAllThreads done
Event: 0.580 Executing VM operation: HandshakeAllThreads
Event: 0.580 Executing VM operation: HandshakeAllThreads done

Events (20 events):
Event: 0.594 loading class jakarta/json/bind/Jsonb
Event: 0.594 loading class jakarta/json/bind/Jsonb done
Event: 0.594 loading class kotlinx/serialization/cbor/Cbor
Event: 0.594 loading class kotlinx/serialization/cbor/Cbor done
Event: 0.594 loading class kotlinx/serialization/json/Json
Event: 0.594 loading class kotlinx/serialization/json/Json done
Event: 0.594 loading class kotlinx/serialization/protobuf/ProtoBuf
Event: 0.594 loading class kotlinx/serialization/protobuf/ProtoBuf done
Event: 0.594 loading class org/springframework/http/converter/ByteArrayHttpMessageConverter
Event: 0.594 loading class org/springframework/http/converter/ByteArrayHttpMessageConverter done
Event: 0.594 loading class org/springframework/web/context/support/ServletContextResourcePatternResolver
Event: 0.594 loading class org/springframework/web/context/support/ServletContextResourcePatternResolver done
Event: 0.594 loading class org/springframework/http/converter/AbstractHttpMessageConverter
Event: 0.594 loading class org/springframework/http/converter/AbstractHttpMessageConverter done
Event: 0.594 loading class org/springframework/beans/factory/support/DefaultListableBeanFactory
Event: 0.594 loading class org/springframework/beans/factory/support/DefaultListableBeanFactory done
Event: 0.594 loading class org/springframework/http/HttpLogging
Event: 0.594 loading class org/springframework/http/HttpLogging done
Event: 0.595 loading class org/springframework/core/log/LogDelegateFactory
Event: 0.595 loading class org/springframework/core/log/LogDelegateFactory done


Dynamic libraries:
0x00007ff7cf0f0000 - 0x00007ff7cf100000 	D:\Program Files\Java\jdk-17.0.3.1\bin\java.exe
0x00007ff9ee990000 - 0x00007ff9eeba7000 	C:\WINDOWS\SYSTEM32\ntdll.dll
0x00007ff9edca0000 - 0x00007ff9edd64000 	C:\WINDOWS\System32\KERNEL32.DLL
0x00007ff9ec240000 - 0x00007ff9ec612000 	C:\WINDOWS\System32\KERNELBASE.dll
0x00007ff9ebef0000 - 0x00007ff9ec001000 	C:\WINDOWS\System32\ucrtbase.dll
0x00007ff9c2bf0000 - 0x00007ff9c2c0a000 	D:\Program Files\Java\jdk-17.0.3.1\bin\VCRUNTIME140.dll
0x00007ff9c2b00000 - 0x00007ff9c2b18000 	D:\Program Files\Java\jdk-17.0.3.1\bin\jli.dll
0x00007ff9ee390000 - 0x00007ff9ee441000 	C:\WINDOWS\System32\ADVAPI32.dll
0x00007ff9edbf0000 - 0x00007ff9edc97000 	C:\WINDOWS\System32\msvcrt.dll
0x00007ff9ee2e0000 - 0x00007ff9ee388000 	C:\WINDOWS\System32\sechost.dll
0x00007ff9ebbb0000 - 0x00007ff9ebbd8000 	C:\WINDOWS\System32\bcrypt.dll
0x00007ff9ed440000 - 0x00007ff9ed554000 	C:\WINDOWS\System32\RPCRT4.dll
0x00007ff9ec740000 - 0x00007ff9ec8f1000 	C:\WINDOWS\System32\USER32.dll
0x00007ff9ec0d0000 - 0x00007ff9ec0f6000 	C:\WINDOWS\System32\win32u.dll
0x00007ff9e4a10000 - 0x00007ff9e4cab000 	C:\WINDOWS\WinSxS\amd64_microsoft.windows.common-controls_6595b64144ccf1df_6.0.22621.5415_none_270d77d17387d7da\COMCTL32.dll
0x00007ff9edf10000 - 0x00007ff9edf39000 	C:\WINDOWS\System32\GDI32.dll
0x00007ff9eba80000 - 0x00007ff9ebba3000 	C:\WINDOWS\System32\gdi32full.dll
0x00007ff9ebdd0000 - 0x00007ff9ebe6a000 	C:\WINDOWS\System32\msvcp_win.dll
0x00007ff9e49b0000 - 0x00007ff9e49ba000 	C:\WINDOWS\SYSTEM32\VERSION.dll
0x00007ff9ee560000 - 0x00007ff9ee591000 	C:\WINDOWS\System32\IMM32.DLL
0x00007ff9c4aa0000 - 0x00007ff9c4aac000 	D:\Program Files\Java\jdk-17.0.3.1\bin\vcruntime140_1.dll
0x00007ff9c2a70000 - 0x00007ff9c2afd000 	D:\Program Files\Java\jdk-17.0.3.1\bin\msvcp140.dll
0x00007ff9a3920000 - 0x00007ff9a44e0000 	D:\Program Files\Java\jdk-17.0.3.1\bin\server\jvm.dll
0x00007ff9ee5a0000 - 0x00007ff9ee5a8000 	C:\WINDOWS\System32\PSAPI.DLL
0x00007ff9e1730000 - 0x00007ff9e1764000 	C:\WINDOWS\SYSTEM32\WINMM.dll
0x00007ff995380000 - 0x00007ff995389000 	C:\WINDOWS\SYSTEM32\WSOCK32.dll
0x00007ff9ee8d0000 - 0x00007ff9ee941000 	C:\WINDOWS\System32\WS2_32.dll
0x00007ff9eaa90000 - 0x00007ff9eaaa8000 	C:\WINDOWS\SYSTEM32\kernel.appcore.dll
0x00007ff9c2a60000 - 0x00007ff9c2a6a000 	D:\Program Files\Java\jdk-17.0.3.1\bin\jimage.dll
0x00007ff9e9240000 - 0x00007ff9e9473000 	C:\WINDOWS\SYSTEM32\DBGHELP.DLL
0x00007ff9edf40000 - 0x00007ff9ee2d3000 	C:\WINDOWS\System32\combase.dll
0x00007ff9eda50000 - 0x00007ff9edb27000 	C:\WINDOWS\System32\OLEAUT32.dll
0x00007ff9dbb30000 - 0x00007ff9dbb62000 	C:\WINDOWS\SYSTEM32\dbgcore.DLL
0x00007ff9ebbe0000 - 0x00007ff9ebc5b000 	C:\WINDOWS\System32\bcryptPrimitives.dll
0x00007ff9c52d0000 - 0x00007ff9c530b000 	D:\Program Files\Java\jdk-17.0.3.1\bin\jdwp.dll
0x00007ff9e7290000 - 0x00007ff9e729e000 	D:\Program Files\Java\jdk-17.0.3.1\bin\instrument.dll
0x00007ff9c2a30000 - 0x00007ff9c2a55000 	D:\Program Files\Java\jdk-17.0.3.1\bin\java.dll
0x00007ff9c29d0000 - 0x00007ff9c29e8000 	D:\Program Files\Java\jdk-17.0.3.1\bin\zip.dll
0x00007ff9ac800000 - 0x00007ff9ac8d6000 	D:\Program Files\Java\jdk-17.0.3.1\bin\jsvml.dll
0x00007ff9eca80000 - 0x00007ff9ed322000 	C:\WINDOWS\System32\SHELL32.dll
0x00007ff9ec100000 - 0x00007ff9ec23f000 	C:\WINDOWS\System32\wintypes.dll
0x00007ff9e9990000 - 0x00007ff9ea2ae000 	C:\WINDOWS\SYSTEM32\windows.storage.dll
0x00007ff9ee450000 - 0x00007ff9ee55b000 	C:\WINDOWS\System32\SHCORE.dll
0x00007ff9ec6b0000 - 0x00007ff9ec719000 	C:\WINDOWS\System32\shlwapi.dll
0x00007ff9eb9b0000 - 0x00007ff9eb9db000 	C:\WINDOWS\SYSTEM32\profapi.dll
0x00007ff9de7b0000 - 0x00007ff9de7bc000 	D:\Program Files\Java\jdk-17.0.3.1\bin\dt_socket.dll
0x00007ff9ea510000 - 0x00007ff9ea53d000 	C:\WINDOWS\SYSTEM32\IPHLPAPI.DLL
0x00007ff9eaf10000 - 0x00007ff9eaf79000 	C:\WINDOWS\system32\mswsock.dll
0x00007ff9c2a10000 - 0x00007ff9c2a29000 	D:\Program Files\Java\jdk-17.0.3.1\bin\net.dll
0x00007ff9e6780000 - 0x00007ff9e68ac000 	C:\WINDOWS\SYSTEM32\WINHTTP.dll
0x00007ff9c29f0000 - 0x00007ff9c2a06000 	D:\Program Files\Java\jdk-17.0.3.1\bin\nio.dll
0x00007ff9df900000 - 0x00007ff9df94b000 	C:\Program Files (x86)\Sangfor\SSL\ClientComponent\SangforNspX64.dll
0x00007ff9edd70000 - 0x00007ff9edf10000 	C:\WINDOWS\System32\ole32.dll
0x00007ff9ea580000 - 0x00007ff9ea678000 	C:\WINDOWS\SYSTEM32\DNSAPI.dll
0x00007ff9ee600000 - 0x00007ff9ee609000 	C:\WINDOWS\System32\NSI.dll
0x00007ff9e41c0000 - 0x00007ff9e41ca000 	C:\Windows\System32\rasadhlp.dll
0x00007ff9e5f20000 - 0x00007ff9e5fa4000 	C:\WINDOWS\System32\fwpuclnt.dll
0x00007ff9e7280000 - 0x00007ff9e7289000 	D:\Program Files\Java\jdk-17.0.3.1\bin\management.dll
0x00007ff9e4020000 - 0x00007ff9e402b000 	D:\Program Files\Java\jdk-17.0.3.1\bin\management_ext.dll
0x00007ff9eb170000 - 0x00007ff9eb18b000 	C:\WINDOWS\SYSTEM32\CRYPTSP.dll
0x00007ff9ea9f0000 - 0x00007ff9eaa27000 	C:\WINDOWS\system32\rsaenh.dll
0x00007ff9eb000000 - 0x00007ff9eb028000 	C:\WINDOWS\SYSTEM32\USERENV.dll
0x00007ff9eb160000 - 0x00007ff9eb16c000 	C:\WINDOWS\SYSTEM32\CRYPTBASE.dll
0x00007ff9e6700000 - 0x00007ff9e6719000 	C:\WINDOWS\SYSTEM32\dhcpcsvc6.DLL
0x00007ff9e65d0000 - 0x00007ff9e65ef000 	C:\WINDOWS\SYSTEM32\dhcpcsvc.DLL
0x00007ff9cac60000 - 0x00007ff9cac77000 	C:\WINDOWS\system32\napinsp.dll
0x00007ff9cac40000 - 0x00007ff9cac5b000 	C:\WINDOWS\system32\pnrpnsp.dll
0x00007ff9cac20000 - 0x00007ff9cac31000 	C:\WINDOWS\System32\winrnr.dll
0x00007ff9cac00000 - 0x00007ff9cac1f000 	C:\WINDOWS\system32\wshbth.dll
0x00007ff9cabd0000 - 0x00007ff9cabf1000 	C:\WINDOWS\system32\nlansp_c.dll

dbghelp: loaded successfully - version: 4.0.5 - missing functions: none
symbol engine: initialized successfully - sym options: 0x614 - pdb path: .;D:\Program Files\Java\jdk-17.0.3.1\bin;C:\WINDOWS\SYSTEM32;C:\WINDOWS\WinSxS\amd64_microsoft.windows.common-controls_6595b64144ccf1df_6.0.22621.5415_none_270d77d17387d7da;D:\Program Files\Java\jdk-17.0.3.1\bin\server;C:\Program Files (x86)\Sangfor\SSL\ClientComponent

VM Arguments:
jvm_args: -agentlib:jdwp=transport=dt_socket,address=127.0.0.1:58508,suspend=y,server=n -XX:TieredStopAtLevel=1 -Dspring.output.ansi.enabled=always -Dcom.sun.management.jmxremote -Dspring.jmx.enabled=true -Dspring.liveBeansView.mbeanDomain -Dspring.application.admin.enabled=true -Dmanagement.endpoints.jmx.exposure.include=* -javaagent:C:\Users\Admin\AppData\Local\JetBrains\IntelliJIdea2023.3\captureAgent\debugger-agent.jar -Dfile.encoding=UTF-8 
java_command: com.example.djpointdemo.DjPointDemoApplication
java_class_path (initial): F:\student-project\dj-point-demo\dj-point-demo\target\classes;C:\Users\Admin\.m2\repository\org\springframework\boot\spring-boot-starter-web\3.3.5\spring-boot-starter-web-3.3.5.jar;C:\Users\Admin\.m2\repository\org\springframework\boot\spring-boot-starter\3.3.5\spring-boot-starter-3.3.5.jar;C:\Users\Admin\.m2\repository\org\springframework\boot\spring-boot\3.3.5\spring-boot-3.3.5.jar;C:\Users\Admin\.m2\repository\org\springframework\boot\spring-boot-autoconfigure\3.3.5\spring-boot-autoconfigure-3.3.5.jar;C:\Users\Admin\.m2\repository\org\springframework\boot\spring-boot-starter-logging\3.3.5\spring-boot-starter-logging-3.3.5.jar;C:\Users\Admin\.m2\repository\ch\qos\logback\logback-classic\1.5.11\logback-classic-1.5.11.jar;C:\Users\Admin\.m2\repository\ch\qos\logback\logback-core\1.5.11\logback-core-1.5.11.jar;C:\Users\Admin\.m2\repository\org\apache\logging\log4j\log4j-to-slf4j\2.23.1\log4j-to-slf4j-2.23.1.jar;C:\Users\Admin\.m2\repository\org\apache\logging\log4j\log4j-api\2.23.1\log4j-api-2.23.1.jar;C:\Users\Admin\.m2\repository\org\slf4j\jul-to-slf4j\2.0.16\jul-to-slf4j-2.0.16.jar;C:\Users\Admin\.m2\repository\jakarta\annotation\jakarta.annotation-api\2.1.1\jakarta.annotation-api-2.1.1.jar;C:\Users\Admin\.m2\repository\org\yaml\snakeyaml\2.2\snakeyaml-2.2.jar;C:\Users\Admin\.m2\repository\org\springframework\boot\spring-boot-starter-json\3.3.5\spring-boot-starter-json-3.3.5.jar;C:\Users\Admin\.m2\repository\com\fasterxml\jackson\core\jackson-databind\2.17.2\jackson-databind-2.17.2.jar;C:\Users\Admin\.m2\repository\com\fasterxml\jackson\core\jackson-annotations\2.17.2\jackson-annotations-2.17.2.jar;C:\Users\Admin\.m2\repository\com\fasterxml\jackson\core\jackson-core\2.17.2\jackson-core-2.17.2.jar;C:\Users\Admin\.m2\repository\com\fasterxml\jackson\datatype\jackson-datatype-jdk8\2.17.2\jackson-datatype-jdk8-2.17.2.jar;C:\Users\Admin\.m2\repository\com\fasterxml\jackson\datatype\jackson-datatype-jsr310\2.17.2\jackson-datatype-jsr310-2.1
Launcher Type: SUN_STANDARD

[Global flags]
     intx CICompilerCount                          = 4                                         {product} {ergonomic}
     uint ConcGCThreads                            = 3                                         {product} {ergonomic}
     uint G1ConcRefinementThreads                  = 10                                        {product} {ergonomic}
   size_t G1HeapRegionSize                         = 2097152                                   {product} {ergonomic}
    uintx GCDrainStackTargetSize                   = 64                                        {product} {ergonomic}
   size_t InitialHeapSize                          = 262144000                                 {product} {ergonomic}
     bool ManagementServer                         = true                                      {product} {command line}
   size_t MarkStackSize                            = 4194304                                   {product} {ergonomic}
   size_t MaxHeapSize                              = 4185915392                                {product} {ergonomic}
   size_t MaxNewSize                               = 2510290944                                {product} {ergonomic}
   size_t MinHeapDeltaBytes                        = 2097152                                   {product} {ergonomic}
   size_t MinHeapSize                              = 8388608                                   {product} {ergonomic}
    uintx NonProfiledCodeHeapSize                  = 0                                      {pd product} {ergonomic}
     bool ProfileInterpreter                       = false                                  {pd product} {command line}
    uintx ProfiledCodeHeapSize                     = 0                                      {pd product} {ergonomic}
   size_t SoftMaxHeapSize                          = 4185915392                             {manageable} {ergonomic}
     intx TieredStopAtLevel                        = 1                                         {product} {command line}
     bool UseCompressedClassPointers               = true                           {product lp64_product} {ergonomic}
     bool UseCompressedOops                        = true                           {product lp64_product} {ergonomic}
     bool UseG1GC                                  = true                                      {product} {ergonomic}
     bool UseLargePagesIndividualAllocation        = false                                  {pd product} {ergonomic}

Logging:
Log output configuration:
 #0: stdout all=warning uptime,level,tags
 #1: stderr all=off uptime,level,tags

Environment Variables:
JAVA_HOME=D:\Program Files\Java\jdk-17.0.3.1
PATH=D:\Program Files (x86)\VMware\VMware Workstation\bin\;C:\Program Files\Common Files\Oracle\Java\javapath;C:\Program Files (x86)\Common Files\Oracle\Java\javapath;C:\WINDOWS\system32;C:\WINDOWS;C:\WINDOWS\System32\Wbem;C:\WINDOWS\System32\WindowsPowerShell\v1.0\;C:\WINDOWS\System32\OpenSSH\;D:\Program Files\Java\jdk-17.0.3.1\bin;D:\Program Files\Java\jdk-17.0.3.1\jre\bin;D:\Program Files\apache-maven-3.3.9\bin;D:\Program Files\gradle-8.1.1\bin;C:\Program Files\MySQL\MySQL Server 8.0\bin;D:\Program Files\Microsoft SQL Server\Client SDK\ODBC\170\Tools\Binn\;D:\Program Files (x86)\Microsoft SQL Server\150\Tools\Binn\;D:\Program Files\Microsoft SQL Server\150\Tools\Binn\;D:\Program Files\Microsoft SQL Server\150\DTS\Binn\;D:\Program Files (x86)\Microsoft SQL Server\160\DTS\Binn\;C:\Program Files\Azure Data Studio\bin;D:\Program Files\nodejs\;d:\Program Files\Git\cmd;D:\Program Files\NetSarang\Xshell 8\;D:\Program Files\Python\Python313\Scripts\;D:\Program Files\Python\Python313\;C:\Users\Admin\AppData\Local\Microsoft\WindowsApps;C:\Program Files (x86)\Tencent\QQGameTempest\Hall.57795\;C:\Program Files\Azure Data Studio\bin;D:\Program Files\Microsoft VS Code\bin;D:\Program Files\Fiddler;C:\Users\Admin\AppData\Local\Microsoft\WindowsApps;;D:\Program Files\JetBrains\IntelliJ IDEA 2023.3.2\bin;;C:\Users\Admin\AppData\Roaming\npm;d:\Program Files\JetBrains\PyCharm 2024.3\bin;;C:\Users\Admin\AppData\Local\Programs\cursor\resources\app\bin
USERNAME=Admin
OS=Windows_NT
PROCESSOR_IDENTIFIER=Intel64 Family 6 Model 151 Stepping 5, GenuineIntel



---------------  S Y S T E M  ---------------

OS:
 Windows 11 , 64 bit Build 22621 (10.0.22621.5415)
OS uptime: 0 days 6:07 hours

CPU: total 12 (initial active 12) (6 cores per cpu, 2 threads per core) family 6 model 151 stepping 5 microcode 0x15, cx8, cmov, fxsr, ht, mmx, 3dnowpref, sse, sse2, sse3, ssse3, sse4.1, sse4.2, popcnt, lzcnt, tsc, tscinvbit, avx, avx2, aes, erms, clmul, bmi1, bmi2, adx, sha, fma, vzeroupper, clflush, clflushopt, clwb

Memory: 4k page, system-wide physical 15962M (778M free)
TotalPageFile size 28250M (AvailPageFile size 5M)
current process WorkingSet (physical memory assigned to process): 87M, peak: 87M
current process commit charge ("private bytes"): 360M, peak: 360M

vm_info: Java HotSpot(TM) 64-Bit Server VM (17.0.3.1+2-LTS-6) for windows-amd64 JRE (17.0.3.1+2-LTS-6), built on Apr 25 2022 22:04:21 by "mach5one" with MS VC++ 16.8 / 16.9 (VS2019)

END.
